c:\workspace\visualstudio\programminglearning\cplusplusprimer\debug\vc140.pdb
c:\workspace\visualstudio\programminglearning\cplusplusprimer\debug\vc140.idb
c:\workspace\visualstudio\programminglearning\cplusplusprimer\debug\ch09_example.obj
c:\workspace\visualstudio\programminglearning\cplusplusprimer\debug\ch10_example.obj
c:\workspace\visualstudio\programminglearning\cplusplusprimer\debug\ch11_example.obj
c:\workspace\visualstudio\programminglearning\cplusplusprimer\debug\ch12_example.obj
c:\workspace\visualstudio\programminglearning\cplusplusprimer\debug\ch13_example.obj
c:\workspace\visualstudio\programminglearning\cplusplusprimer\debug\ch14_example.obj
c:\workspace\visualstudio\programminglearning\cplusplusprimer\debug\ch15_example.obj
c:\workspace\visualstudio\programminglearning\cplusplusprimer\debug\ch16_example.obj
c:\workspace\visualstudio\programminglearning\cplusplusprimer\debug\ch17_example.obj
c:\workspace\visualstudio\programminglearning\cplusplusprimer\debug\ch18_example.obj
c:\workspace\visualstudio\programminglearning\cplusplusprimer\debug\ch19_example.obj
c:\workspace\visualstudio\programminglearning\cplusplusprimer\debug\ch7_define.obj
c:\workspace\visualstudio\programminglearning\cplusplusprimer\debug\ch08_example.obj
e:\gitrepo\mpwk\pl\cpp\cplusplusprimer\debug\ch08_example.obj
e:\gitrepo\mpwk\pl\cpp\cplusplusprimer\debug\ch09_example.obj
e:\gitrepo\mpwk\pl\cpp\cplusplusprimer\debug\ch10_example.obj
e:\gitrepo\mpwk\pl\cpp\cplusplusprimer\debug\ch11_example.obj
e:\gitrepo\mpwk\pl\cpp\cplusplusprimer\debug\ch12_example.obj
e:\gitrepo\mpwk\pl\cpp\cplusplusprimer\debug\ch13_example.obj
e:\gitrepo\mpwk\pl\cpp\cplusplusprimer\debug\ch14_example.obj
e:\gitrepo\mpwk\pl\cpp\cplusplusprimer\debug\ch15_example.obj
e:\gitrepo\mpwk\pl\cpp\cplusplusprimer\debug\ch16_example.obj
e:\gitrepo\mpwk\pl\cpp\cplusplusprimer\debug\ch17_example.obj
e:\gitrepo\mpwk\pl\cpp\cplusplusprimer\debug\ch18_example.obj
e:\gitrepo\mpwk\pl\cpp\cplusplusprimer\debug\ch19_example.obj
e:\gitrepo\mpwk\pl\cpp\cplusplusprimer\debug\ch7_define.obj
e:\gitrepo\mpwk\pl\cpp\cplusplusprimer\debug\vc140.idb
e:\gitrepo\mpwk\pl\cpp\cplusplusprimer\debug\vc140.pdb
e:\gitrepo\mpwk\pl\cpp\cplusplusprimer\debug\cplusplusprimer.tlog\cl.command.1.tlog
e:\gitrepo\mpwk\pl\cpp\cplusplusprimer\debug\cplusplusprimer.tlog\cl.read.1.tlog
e:\gitrepo\mpwk\pl\cpp\cplusplusprimer\debug\cplusplusprimer.tlog\cl.write.1.tlog
e:\gitrepo\mpwk\pl\cpp\cplusplusprimer\debug\cplusplusprimer.tlog\link-cvtres.read.1.tlog
e:\gitrepo\mpwk\pl\cpp\cplusplusprimer\debug\cplusplusprimer.tlog\link-cvtres.write.1.tlog
e:\gitrepo\mpwk\pl\cpp\cplusplusprimer\debug\cplusplusprimer.tlog\link-rc.read.1.tlog
e:\gitrepo\mpwk\pl\cpp\cplusplusprimer\debug\cplusplusprimer.tlog\link-rc.write.1.tlog
e:\gitrepo\mpwk\pl\cpp\cplusplusprimer\debug\cplusplusprimer.tlog\link.command.1.tlog
e:\gitrepo\mpwk\pl\cpp\cplusplusprimer\debug\cplusplusprimer.tlog\link.read.1.tlog
e:\gitrepo\mpwk\pl\cpp\cplusplusprimer\debug\cplusplusprimer.tlog\link.write.1.tlog
