  ch08_example.cpp
  ch7_define.cpp
  ch19_example.cpp
  ch18_example.cpp
  ch17_example.cpp
  ch16_example.cpp
  ch15_example.cpp
  ch14_example.cpp
  ch13_example.cpp
  ch12_example.cpp
  ch11_example.cpp
  ch10_example.cpp
  ch09_example.cpp
  Generating Code...
ch15_example.obj : error LNK2005: _main already defined in ch14_example.obj
ch16_example.obj : error LNK2005: _main already defined in ch14_example.obj
ch17_example.obj : error LNK2005: _main already defined in ch14_example.obj
ch18_example.obj : error LNK2005: _main already defined in ch14_example.obj
ch19_example.obj : error LNK2005: _main already defined in ch14_example.obj
C:\Workspace\VisualStudio\ProgrammingLearning\Debug\CplusplusPrimer.exe : fatal error LNK1169: one or more multiply defined symbols found
